<?xml version="1.0" encoding="UTF-8"?>
<!-- Generated by org.testng.reporters.JUnitReportReporter -->
<testsuite skipped="0" hostname="LAPTOP-55DSMTKN" name="com.testNg.DataProvider_prac" tests="2" failures="0" timestamp="2021-12-06T14:42:46 IST" time="0.013" errors="0">
  <testcase name="createuser" time="0.011" classname="com.testNg.DataProvider_prac"/>
  <system-out>
    <![CDATA[usera passa]]>
  </system-out>
  <testcase name="createuser" time="0.002" classname="com.testNg.DataProvider_prac"/>
  <system-out>
    <![CDATA[userb passb]]>
  </system-out>
</testsuite> <!-- com.testNg.DataProvider_prac -->
