<?xml version="1.0" encoding="UTF-8"?>
<!-- Generated by org.testng.reporters.JUnitReportReporter -->
<testsuite skipped="0" hostname="LAPTOP-55DSMTKN" name="com.testNg.SoftAssertClass" tests="1" failures="0" timestamp="2021-12-06T16:05:49 IST" time="5.158" errors="0">
  <testcase name="verifyTitle" time="5.158" classname="com.testNg.SoftAssertClass"/>
  <system-out/>
</testsuite> <!-- com.testNg.SoftAssertClass -->
