<?xml version="1.0" encoding="UTF-8"?>
<!-- Generated by org.testng.reporters.JUnitReportReporter -->
<testsuite skipped="0" hostname="LAPTOP-55DSMTKN" name="com.testNg.Test_priority$Test_Priority" tests="5" failures="0" timestamp="2021-12-06T11:32:07 IST" time="0.014" errors="0">
  <testcase name="test" time="0.002" classname="com.testNg.Test_priority$Test_Priority"/>
  <system-out/>
  <testcase name="M_Yellow" time="0.008" classname="com.testNg.Test_priority$Test_Priority"/>
  <system-out/>
  <testcase name="Neha" time="0.001" classname="com.testNg.Test_priority$Test_Priority"/>
  <system-out/>
  <testcase name="Project" time="0.001" classname="com.testNg.Test_priority$Test_Priority"/>
  <system-out/>
  <testcase name="Karthik" time="0.002" classname="com.testNg.Test_priority$Test_Priority"/>
  <system-out/>
</testsuite> <!-- com.testNg.Test_priority$Test_Priority -->
