<?xml version="1.0" encoding="UTF-8"?>
<!-- Generated by org.testng.reporters.JUnitReportReporter -->
<testsuite skipped="0" hostname="LAPTOP-55DSMTKN" name="com.testNg.ParameterTest" tests="1" failures="0" timestamp="2021-12-06T12:30:17 IST" time="0.009" errors="0">
  <testcase name="Sum" time="0.009" classname="com.testNg.ParameterTest"/>
  <system-out/>
</testsuite> <!-- com.testNg.ParameterTest -->
