<?xml version="1.0" encoding="UTF-8"?>
<!-- Generated by org.testng.reporters.JUnitReportReporter -->
<testsuite skipped="0" hostname="LAPTOP-55DSMTKN" name="com.testNg.Test4" tests="5" failures="0" timestamp="2021-12-06T11:08:22 IST" time="0.012" errors="0">
  <testcase name="testA" time="0.005" classname="com.testNg.Test4"/>
  <system-out/>
  <testcase name="testB" time="0.001" classname="com.testNg.Test4"/>
  <system-out/>
  <testcase name="testE" time="0.002" classname="com.testNg.Test4"/>
  <system-out/>
  <testcase name="testc" time="0.003" classname="com.testNg.Test4"/>
  <system-out/>
  <testcase name="testD" time="0.001" classname="com.testNg.Test4"/>
  <system-out/>
</testsuite> <!-- com.testNg.Test4 -->
